==============================================================================
Tests                                                                         
==============================================================================
Tests.DemoTest10 :: To validate the Login form as Data Driven Test with Dat...
==============================================================================
Invalid username                                                      | PASS |
------------------------------------------------------------------------------
Invalid password                                                      | PASS |
------------------------------------------------------------------------------
special characters                                                    | PASS |
------------------------------------------------------------------------------
Login with 1234 and 4242 so message is Incorrect username/password.   | PASS |
------------------------------------------------------------------------------
Empty Username                                                        | PASS |
------------------------------------------------------------------------------
Empty Password                                                        | PASS |
------------------------------------------------------------------------------
Tests.DemoTest10 :: To validate the Login form as Data Driven Test... | PASS |
6 tests, 6 passed, 0 failed
==============================================================================
Tests                                                                 | PASS |
6 tests, 6 passed, 0 failed
==============================================================================
Output:  D:\workspace_python\RahulUdemy\Results\pabot_results\2\output.xml
