==============================================================================
Tests                                                                         
==============================================================================
Tests.DemoTest3 :: To validate the Login form                                 
==============================================================================
Invalid username                                                      | PASS |
------------------------------------------------------------------------------
Invalid password                                                      | PASS |
------------------------------------------------------------------------------
special characters                                                    | PASS |
------------------------------------------------------------------------------
Login with user 1234 and password 4242 so message is Incorrect use... | PASS |
------------------------------------------------------------------------------
Empty Username                                                        | PASS |
------------------------------------------------------------------------------
Empty Password                                                        | PASS |
------------------------------------------------------------------------------
Tests.DemoTest3 :: To validate the Login form                         | PASS |
6 tests, 6 passed, 0 failed
==============================================================================
Tests                                                                 | PASS |
6 tests, 6 passed, 0 failed
==============================================================================
Output:  D:\workspace_python\RahulUdemy\Results\pabot_results\5\output.xml
